
Showing logs for build [32mcb-kubecd-environment-pr-198-34-kx7t2-1[0m stage [32mfrom-build-pack[0m and container [32mstep-credential-initializer-lwwhh[0m
{"level":"warn","ts":1586508915.090178,"logger":"fallback-logger","caller":"logging/config.go:69","msg":"Fetch GitHub commit ID from kodata failed: \"ref: refs/heads/0.8.0-**-support-backwards-incompats\" is not a valid GitHub commit ID"}
{"level":"info","ts":1586508915.0907793,"logger":"fallback-logger","caller":"creds-init/main.go:40","msg":"Credentials initialized."}

Showing logs for build [32mcb-kubecd-environment-pr-198-34-kx7t2-1[0m stage [32mfrom-build-pack[0m and container [32mstep-working-dir-initializer-w6tdt[0m
{"level":"warn","ts":1586508916.1439795,"logger":"fallback-logger","caller":"logging/config.go:69","msg":"Fetch GitHub commit ID from kodata failed: open /var/run/ko/HEAD: no such file or directory"}
{"level":"info","ts":1586508916.1510868,"logger":"fallback-logger","caller":"bash/main.go:64","msg":"Successfully executed command \"sh -c mkdir -p /workspace/source\"; output "}

Showing logs for build [32mcb-kubecd-environment-pr-198-34-kx7t2-1[0m stage [32mfrom-build-pack[0m and container [32mstep-place-tools[0m

Showing logs for build [32mcb-kubecd-environment-pr-198-34-kx7t2-1[0m stage [32mfrom-build-pack[0m and container [32mstep-git-source-cb-kubecd-environment-pr-198-34-kx7t2-h2dtf[0m
{"level":"warn","ts":1586508942.1904225,"logger":"fallback-logger","caller":"logging/config.go:69","msg":"Fetch GitHub commit ID from kodata failed: \"ref: refs/heads/0.8.0-**-support-backwards-incompats\" is not a valid GitHub commit ID"}
{"level":"info","ts":1586508943.2849052,"logger":"fallback-logger","caller":"git/git.go:103","msg":"Successfully cloned https://github.com/cb-kubecd/environment-pr-198-34-boot-vault-gke-production.git @ master in path /workspace/source"}

Showing logs for build [32mcb-kubecd-environment-pr-198-34-kx7t2-1[0m stage [32mfrom-build-pack[0m and container [32mstep-git-merge[0m
Using SHAs from PULL_REFS=master:abcb8261ec3fb919677dd7d34efdc6fc4a869144,1:a41c2b1856036fe426bc31a31c609a3928726126
DEBUG: LC_ALL=C JX_LOG_LEVEL=error git fetch origin --unshallow a41c2b1856036fe426bc31a31c609a3928726126: abcb8261ec3fb919677dd7d34efdc6fc4a869144:
DEBUG: ran git fetch --unshallow origin a41c2b1856036fe426bc31a31c609a3928726126: abcb8261ec3fb919677dd7d34efdc6fc4a869144: in 
DEBUG: LC_ALL=C JX_LOG_LEVEL=error git branch
DEBUG: LC_ALL=C JX_LOG_LEVEL=error git checkout master
DEBUG: ran git checkout master in 
DEBUG: LC_ALL=C JX_LOG_LEVEL=error git reset --hard abcb8261ec3fb919677dd7d34efdc6fc4a869144
DEBUG: ran git reset --hard abcb8261ec3fb919677dd7d34efdc6fc4a869144 in 
DEBUG: LC_ALL=C JX_LOG_LEVEL=error git clean -fd .
DEBUG: ran clean --force -d . in 
DEBUG: LC_ALL=C JX_LOG_LEVEL=error git merge a41c2b1856036fe426bc31a31c609a3928726126
DEBUG: ran git merge a41c2b1856036fe426bc31a31c609a3928726126 in 
DEBUG: LC_ALL=C JX_LOG_LEVEL=error git log --format=%H%x1f%an%x1f%ae%x1f%cn%x1f%ce%x1f%s%n%b%x1e abcb8261ec3fb919677dd7d34efdc6fc4a869144..HEAD
Merged SHA a41c2b1856036fe426bc31a31c609a3928726126 with commit message 'chore: Promote bdd-spring-1586507562 to version 0.0.1' into base branch master

Showing logs for build [32mcb-kubecd-environment-pr-198-34-kx7t2-1[0m stage [32mfrom-build-pack[0m and container [32mstep-build-helm-build[0m
WARNING: No $CHART_REPOSITORY defined so using the default value of: http://jenkins-x-chartmuseum:8080
Adding missing Helm repo: storage.googleapis.com https://storage.googleapis.com/chartmuseum.jenkins-x.io
WARNING: No secrets found on "helm/repos" due: reading the secret "helm/repos" from vault: no secret "helm/repos" not found in vault
Read credentials for https://storage.googleapis.com/chartmuseum.jenkins-x.io from vault helm/repos
Successfully added Helm repository storage.googleapis.com.
Adding missing Helm repo: jenkins-x-chartmuseum http://jenkins-x-chartmuseum:8080
WARNING: No secrets found on "helm/repos" due: reading the secret "helm/repos" from vault: no secret "helm/repos" not found in vault
Read credentials for http://jenkins-x-chartmuseum:8080 from vault helm/repos
Successfully added Helm repository jenkins-x-chartmuseum.
WARNING: No $CHART_REPOSITORY defined so using the default value of: http://jenkins-x-chartmuseum:8080
Adding missing Helm repo: chartmuseum.jenkins-x.io http://chartmuseum.jenkins-x.io
WARNING: No secrets found on "helm/repos" due: reading the secret "helm/repos" from vault: no secret "helm/repos" not found in vault
Read credentials for http://chartmuseum.jenkins-x.io from vault helm/repos
Successfully added Helm repository chartmuseum.jenkins-x.io.
